07/06/2025 13:21:30 INFO  o.h.v.i.u.Version - HV000001: Hibernate Validator 8.0.2.Final 
07/06/2025 13:21:31 INFO  b.c.g.c.m.ModerationApplication - Starting ModerationApplication using Java 17.0.15 with PID 127073 (/home/guntz/dev/projects/spring/ems/guntz-comments/microsservices/moderation-service/target/classes started by guntz in /home/guntz/dev/projects/spring/ems/guntz-comments) 
07/06/2025 13:21:31 DEBUG b.c.g.c.m.ModerationApplication - Running with Spring Boot v3.5.0, Spring v6.2.7 
07/06/2025 13:21:31 INFO  b.c.g.c.m.ModerationApplication - No active profile set, falling back to 1 default profile: "default" 
07/06/2025 13:21:32 INFO  o.s.d.r.c.RepositoryConfigurationDelegate - Bootstrapping Spring Data JPA repositories in DEFAULT mode. 
07/06/2025 13:21:32 INFO  o.s.d.r.c.RepositoryConfigurationDelegate - Finished Spring Data repository scanning in 16 ms. Found 0 JPA repository interfaces. 
07/06/2025 13:21:32 INFO  o.s.b.w.e.t.TomcatWebServer - Tomcat initialized with port 8081 (http) 
07/06/2025 13:21:32 INFO  o.a.c.h.Http11NioProtocol - Initializing ProtocolHandler ["http-nio-8081"] 
07/06/2025 13:21:32 INFO  o.a.c.c.StandardService - Starting service [Tomcat] 
07/06/2025 13:21:32 INFO  o.a.c.c.StandardEngine - Starting Servlet engine: [Apache Tomcat/10.1.41] 
07/06/2025 13:21:32 INFO  o.a.c.c.C.[.[.[/] - Initializing Spring embedded WebApplicationContext 
07/06/2025 13:21:32 INFO  o.s.b.w.s.c.ServletWebServerApplicationContext - Root WebApplicationContext: initialization completed in 1492 ms 
07/06/2025 13:21:32 INFO  o.h.j.i.u.LogHelper - HHH000204: Processing PersistenceUnitInfo [name: default] 
07/06/2025 13:21:32 INFO  o.h.Version - HHH000412: Hibernate ORM core version 6.6.15.Final 
07/06/2025 13:21:32 INFO  o.h.c.i.RegionFactoryInitiator - HHH000026: Second-level cache disabled 
07/06/2025 13:21:33 INFO  o.s.o.j.p.SpringPersistenceUnitInfo - No LoadTimeWeaver setup: ignoring JPA class transformer 
07/06/2025 13:21:33 INFO  c.z.h.HikariDataSource - HikariPool-1 - Starting... 
07/06/2025 13:21:33 INFO  c.z.h.p.HikariPool - HikariPool-1 - Added connection conn0: url=jdbc:h2:file:~/guntz-comments-moderation-db user=SA 
07/06/2025 13:21:33 INFO  c.z.h.HikariDataSource - HikariPool-1 - Start completed. 
07/06/2025 13:21:33 WARN  o.h.o.deprecation - HHH90000025: H2Dialect does not need to be specified explicitly using 'hibernate.dialect' (remove the property setting and it will be selected by default) 
07/06/2025 13:21:33 INFO  o.h.o.c.pooling - HHH10001005: Database info:
	Database JDBC URL [Connecting through datasource 'HikariDataSource (HikariPool-1)']
	Database driver: undefined/unknown
	Database version: 2.3.232
	Autocommit mode: undefined/unknown
	Isolation level: undefined/unknown
	Minimum pool size: undefined/unknown
	Maximum pool size: undefined/unknown 
07/06/2025 13:21:33 INFO  o.h.e.t.j.p.i.JtaPlatformInitiator - HHH000489: No JTA platform available (set 'hibernate.transaction.jta.platform' to enable JTA platform integration) 
07/06/2025 13:21:33 INFO  o.s.o.j.LocalContainerEntityManagerFactoryBean - Initialized JPA EntityManagerFactory for persistence unit 'default' 
07/06/2025 13:21:34 WARN  o.s.b.a.o.j.JpaBaseConfiguration$JpaWebConfiguration - spring.jpa.open-in-view is enabled by default. Therefore, database queries may be performed during view rendering. Explicitly configure spring.jpa.open-in-view to disable this warning 
07/06/2025 13:21:34 INFO  o.s.b.a.h.H2ConsoleAutoConfiguration - H2 console available at '/h2-console'. Database available at 'jdbc:h2:file:~/guntz-comments-moderation-db' 
07/06/2025 13:21:34 INFO  o.a.c.h.Http11NioProtocol - Starting ProtocolHandler ["http-nio-8081"] 
07/06/2025 13:21:34 INFO  o.s.b.w.e.t.TomcatWebServer - Tomcat started on port 8081 (http) with context path '/' 
07/06/2025 13:21:34 INFO  b.c.g.c.m.ModerationApplication - Started ModerationApplication in 4.508 seconds (process running for 5.138) 
07/06/2025 13:21:42 INFO  o.a.c.c.C.[.[.[/] - Initializing Spring DispatcherServlet 'dispatcherServlet' 
07/06/2025 13:21:42 INFO  o.s.w.s.DispatcherServlet - Initializing Servlet 'dispatcherServlet' 
07/06/2025 13:21:42 INFO  o.s.w.s.DispatcherServlet - Completed initialization in 2 ms 
07/06/2025 13:21:43 INFO  b.c.g.c.m.a.c.ModerationController - Executing Validation the Comment: 01974b32-b0ec-79c6-aba1-2b265a8cd2b8 
07/06/2025 13:21:59 INFO  b.c.g.c.m.a.c.ModerationController - Executing Validation the Comment: 01974b32-f38c-7212-bf64-79722672129f 
07/06/2025 13:22:44 INFO  o.s.b.w.e.t.GracefulShutdown - Commencing graceful shutdown. Waiting for active requests to complete 
07/06/2025 13:22:44 INFO  o.s.b.w.e.t.GracefulShutdown - Graceful shutdown complete 
07/06/2025 13:22:44 INFO  o.s.o.j.LocalContainerEntityManagerFactoryBean - Closing JPA EntityManagerFactory for persistence unit 'default' 
07/06/2025 13:22:44 INFO  c.z.h.HikariDataSource - HikariPool-1 - Shutdown initiated... 
07/06/2025 13:22:44 INFO  c.z.h.HikariDataSource - HikariPool-1 - Shutdown completed. 
07/06/2025 13:48:31 INFO  o.h.v.i.u.Version - HV000001: Hibernate Validator 8.0.2.Final 
07/06/2025 13:48:31 INFO  b.c.g.c.m.ModerationApplication - Starting ModerationApplication using Java 17.0.15 with PID 177884 (/home/guntz/dev/projects/spring/ems/guntz-comments/microsservices/moderation-service/target/classes started by guntz in /home/guntz/dev/projects/spring/ems/guntz-comments) 
07/06/2025 13:48:31 DEBUG b.c.g.c.m.ModerationApplication - Running with Spring Boot v3.5.0, Spring v6.2.7 
07/06/2025 13:48:31 INFO  b.c.g.c.m.ModerationApplication - No active profile set, falling back to 1 default profile: "default" 
07/06/2025 13:48:32 INFO  o.s.d.r.c.RepositoryConfigurationDelegate - Bootstrapping Spring Data JPA repositories in DEFAULT mode. 
07/06/2025 13:48:32 INFO  o.s.d.r.c.RepositoryConfigurationDelegate - Finished Spring Data repository scanning in 14 ms. Found 0 JPA repository interfaces. 
07/06/2025 13:48:32 INFO  o.s.b.w.e.t.TomcatWebServer - Tomcat initialized with port 8081 (http) 
07/06/2025 13:48:32 INFO  o.a.c.h.Http11NioProtocol - Initializing ProtocolHandler ["http-nio-8081"] 
07/06/2025 13:48:32 INFO  o.a.c.c.StandardService - Starting service [Tomcat] 
07/06/2025 13:48:32 INFO  o.a.c.c.StandardEngine - Starting Servlet engine: [Apache Tomcat/10.1.41] 
07/06/2025 13:48:33 INFO  o.a.c.c.C.[.[.[/] - Initializing Spring embedded WebApplicationContext 
07/06/2025 13:48:33 INFO  o.s.b.w.s.c.ServletWebServerApplicationContext - Root WebApplicationContext: initialization completed in 1615 ms 
07/06/2025 13:48:33 INFO  o.h.j.i.u.LogHelper - HHH000204: Processing PersistenceUnitInfo [name: default] 
07/06/2025 13:48:33 INFO  o.h.Version - HHH000412: Hibernate ORM core version 6.6.15.Final 
07/06/2025 13:48:33 INFO  o.h.c.i.RegionFactoryInitiator - HHH000026: Second-level cache disabled 
07/06/2025 13:48:33 INFO  o.s.o.j.p.SpringPersistenceUnitInfo - No LoadTimeWeaver setup: ignoring JPA class transformer 
07/06/2025 13:48:33 INFO  c.z.h.HikariDataSource - HikariPool-1 - Starting... 
07/06/2025 13:48:33 INFO  c.z.h.p.HikariPool - HikariPool-1 - Added connection conn0: url=jdbc:h2:file:~/guntz-comments-moderation-db user=SA 
07/06/2025 13:48:33 INFO  c.z.h.HikariDataSource - HikariPool-1 - Start completed. 
07/06/2025 13:48:33 WARN  o.h.o.deprecation - HHH90000025: H2Dialect does not need to be specified explicitly using 'hibernate.dialect' (remove the property setting and it will be selected by default) 
07/06/2025 13:48:33 INFO  o.h.o.c.pooling - HHH10001005: Database info:
	Database JDBC URL [Connecting through datasource 'HikariDataSource (HikariPool-1)']
	Database driver: undefined/unknown
	Database version: 2.3.232
	Autocommit mode: undefined/unknown
	Isolation level: undefined/unknown
	Minimum pool size: undefined/unknown
	Maximum pool size: undefined/unknown 
07/06/2025 13:48:34 INFO  o.h.e.t.j.p.i.JtaPlatformInitiator - HHH000489: No JTA platform available (set 'hibernate.transaction.jta.platform' to enable JTA platform integration) 
07/06/2025 13:48:34 INFO  o.s.o.j.LocalContainerEntityManagerFactoryBean - Initialized JPA EntityManagerFactory for persistence unit 'default' 
07/06/2025 13:48:34 WARN  o.s.b.a.o.j.JpaBaseConfiguration$JpaWebConfiguration - spring.jpa.open-in-view is enabled by default. Therefore, database queries may be performed during view rendering. Explicitly configure spring.jpa.open-in-view to disable this warning 
07/06/2025 13:48:34 INFO  o.s.b.a.h.H2ConsoleAutoConfiguration - H2 console available at '/h2-console'. Database available at 'jdbc:h2:file:~/guntz-comments-moderation-db' 
07/06/2025 13:48:34 INFO  o.a.c.h.Http11NioProtocol - Starting ProtocolHandler ["http-nio-8081"] 
07/06/2025 13:48:34 INFO  o.s.b.w.e.t.TomcatWebServer - Tomcat started on port 8081 (http) with context path '/' 
07/06/2025 13:48:34 INFO  b.c.g.c.m.ModerationApplication - Started ModerationApplication in 3.996 seconds (process running for 4.621) 
07/06/2025 13:48:57 INFO  o.a.c.c.C.[.[.[/] - Initializing Spring DispatcherServlet 'dispatcherServlet' 
07/06/2025 13:48:57 INFO  o.s.w.s.DispatcherServlet - Initializing Servlet 'dispatcherServlet' 
07/06/2025 13:48:57 INFO  o.s.w.s.DispatcherServlet - Completed initialization in 2 ms 
07/06/2025 13:48:58 INFO  o.s.a.AbstractOpenApiResource - Init duration for springdoc-openapi is: 301 ms 
07/06/2025 13:51:29 INFO  o.s.b.w.e.t.GracefulShutdown - Commencing graceful shutdown. Waiting for active requests to complete 
07/06/2025 13:51:29 INFO  o.s.b.w.e.t.GracefulShutdown - Graceful shutdown complete 
07/06/2025 13:51:29 INFO  o.s.o.j.LocalContainerEntityManagerFactoryBean - Closing JPA EntityManagerFactory for persistence unit 'default' 
07/06/2025 13:51:29 INFO  c.z.h.HikariDataSource - HikariPool-1 - Shutdown initiated... 
07/06/2025 13:51:29 INFO  c.z.h.HikariDataSource - HikariPool-1 - Shutdown completed. 
07/06/2025 13:51:32 INFO  o.h.v.i.u.Version - HV000001: Hibernate Validator 8.0.2.Final 
07/06/2025 13:51:32 INFO  b.c.g.c.m.ModerationApplication - Starting ModerationApplication using Java 17.0.15 with PID 183491 (/home/guntz/dev/projects/spring/ems/guntz-comments/microsservices/moderation-service/target/classes started by guntz in /home/guntz/dev/projects/spring/ems/guntz-comments) 
07/06/2025 13:51:32 DEBUG b.c.g.c.m.ModerationApplication - Running with Spring Boot v3.5.0, Spring v6.2.7 
07/06/2025 13:51:32 INFO  b.c.g.c.m.ModerationApplication - No active profile set, falling back to 1 default profile: "default" 
07/06/2025 13:51:33 INFO  o.s.d.r.c.RepositoryConfigurationDelegate - Bootstrapping Spring Data JPA repositories in DEFAULT mode. 
07/06/2025 13:51:33 INFO  o.s.d.r.c.RepositoryConfigurationDelegate - Finished Spring Data repository scanning in 15 ms. Found 0 JPA repository interfaces. 
07/06/2025 13:51:34 INFO  o.s.b.w.e.t.TomcatWebServer - Tomcat initialized with port 8081 (http) 
07/06/2025 13:51:34 INFO  o.a.c.h.Http11NioProtocol - Initializing ProtocolHandler ["http-nio-8081"] 
07/06/2025 13:51:34 INFO  o.a.c.c.StandardService - Starting service [Tomcat] 
07/06/2025 13:51:34 INFO  o.a.c.c.StandardEngine - Starting Servlet engine: [Apache Tomcat/10.1.41] 
07/06/2025 13:51:34 INFO  o.a.c.c.C.[.[.[/] - Initializing Spring embedded WebApplicationContext 
07/06/2025 13:51:34 INFO  o.s.b.w.s.c.ServletWebServerApplicationContext - Root WebApplicationContext: initialization completed in 1648 ms 
07/06/2025 13:51:34 INFO  o.h.j.i.u.LogHelper - HHH000204: Processing PersistenceUnitInfo [name: default] 
07/06/2025 13:51:34 INFO  o.h.Version - HHH000412: Hibernate ORM core version 6.6.15.Final 
07/06/2025 13:51:34 INFO  o.h.c.i.RegionFactoryInitiator - HHH000026: Second-level cache disabled 
07/06/2025 13:51:35 INFO  o.s.o.j.p.SpringPersistenceUnitInfo - No LoadTimeWeaver setup: ignoring JPA class transformer 
07/06/2025 13:51:35 INFO  c.z.h.HikariDataSource - HikariPool-1 - Starting... 
07/06/2025 13:51:35 INFO  c.z.h.p.HikariPool - HikariPool-1 - Added connection conn0: url=jdbc:h2:file:~/guntz-comments-moderation-db user=SA 
07/06/2025 13:51:35 INFO  c.z.h.HikariDataSource - HikariPool-1 - Start completed. 
07/06/2025 13:51:35 WARN  o.h.o.deprecation - HHH90000025: H2Dialect does not need to be specified explicitly using 'hibernate.dialect' (remove the property setting and it will be selected by default) 
07/06/2025 13:51:35 INFO  o.h.o.c.pooling - HHH10001005: Database info:
	Database JDBC URL [Connecting through datasource 'HikariDataSource (HikariPool-1)']
	Database driver: undefined/unknown
	Database version: 2.3.232
	Autocommit mode: undefined/unknown
	Isolation level: undefined/unknown
	Minimum pool size: undefined/unknown
	Maximum pool size: undefined/unknown 
07/06/2025 13:51:35 INFO  o.h.e.t.j.p.i.JtaPlatformInitiator - HHH000489: No JTA platform available (set 'hibernate.transaction.jta.platform' to enable JTA platform integration) 
07/06/2025 13:51:35 INFO  o.s.o.j.LocalContainerEntityManagerFactoryBean - Initialized JPA EntityManagerFactory for persistence unit 'default' 
07/06/2025 13:51:35 WARN  o.s.b.a.o.j.JpaBaseConfiguration$JpaWebConfiguration - spring.jpa.open-in-view is enabled by default. Therefore, database queries may be performed during view rendering. Explicitly configure spring.jpa.open-in-view to disable this warning 
07/06/2025 13:51:36 INFO  o.s.b.a.h.H2ConsoleAutoConfiguration - H2 console available at '/h2-console'. Database available at 'jdbc:h2:file:~/guntz-comments-moderation-db' 
07/06/2025 13:51:36 INFO  o.a.c.h.Http11NioProtocol - Starting ProtocolHandler ["http-nio-8081"] 
07/06/2025 13:51:36 INFO  o.s.b.w.e.t.TomcatWebServer - Tomcat started on port 8081 (http) with context path '/' 
07/06/2025 13:51:36 INFO  b.c.g.c.m.ModerationApplication - Started ModerationApplication in 4.201 seconds (process running for 4.881) 
07/06/2025 13:51:39 INFO  o.a.c.c.C.[.[.[/] - Initializing Spring DispatcherServlet 'dispatcherServlet' 
07/06/2025 13:51:39 INFO  o.s.w.s.DispatcherServlet - Initializing Servlet 'dispatcherServlet' 
07/06/2025 13:51:39 INFO  o.s.w.s.DispatcherServlet - Completed initialization in 2 ms 
07/06/2025 13:51:39 INFO  o.s.a.AbstractOpenApiResource - Init duration for springdoc-openapi is: 334 ms 
07/06/2025 14:23:41 INFO  o.s.b.w.e.t.GracefulShutdown - Commencing graceful shutdown. Waiting for active requests to complete 
07/06/2025 14:23:41 INFO  o.s.b.w.e.t.GracefulShutdown - Graceful shutdown complete 
07/06/2025 14:23:41 INFO  o.s.o.j.LocalContainerEntityManagerFactoryBean - Closing JPA EntityManagerFactory for persistence unit 'default' 
07/06/2025 14:23:41 INFO  c.z.h.HikariDataSource - HikariPool-1 - Shutdown initiated... 
07/06/2025 14:23:41 INFO  c.z.h.HikariDataSource - HikariPool-1 - Shutdown completed. 
